2024-02-29 17:28:39,862 [INFO] Activator:176 - 


2024-02-29 17:28:39,868 [INFO] Activator:177 - !SESSION log4j initialized
2024-02-29 17:28:45,513 [INFO] LogOutputStream:77 - [STDOUT_REDIRECT] 
2024-02-29 17:29:09,563 [ERROR] LogOutputStream:75 - [STDERR_REDIRECT] SLF4J: Failed to load class "org.slf4j.impl.StaticLoggerBinder".
2024-02-29 17:29:09,564 [ERROR] LogOutputStream:75 - [STDERR_REDIRECT] SLF4J: Defaulting to no-operation (NOP) logger implementation
2024-02-29 17:29:09,566 [ERROR] LogOutputStream:75 - [STDERR_REDIRECT] SLF4J: See http://www.slf4j.org/codes.html#StaticLoggerBinder for further details.
2024-02-29 17:29:18,137 [INFO] ApplicationProperties:184 - Using Application install path: D:\STM32CubeIDE_1.12.1\STM32CubeIDE\plugins\com.st.stm32cube.common.mx_6.8.1.202304191431
2024-02-29 17:29:18,202 [INFO] DbMcusXml:78 - Set database path to: D:\STM32CubeIDE_1.12.1\STM32CubeIDE\plugins\com.st.stm32cube.common.mx_6.8.1.202304191431\\db\/mcu/
2024-02-29 17:29:18,203 [INFO] ApiDb:274 - Set plugin database path to: D:\STM32CubeIDE_1.12.1\STM32CubeIDE\plugins\com.st.stm32cube.common.mx_6.8.1.202304191431\\db\/plugins/boardmanager/
2024-02-29 17:29:18,204 [WARN] ApiDb:259 - Overriding images path with different value:  => D:\STM32CubeIDE_1.12.1\STM32CubeIDE\plugins\com.st.stm32cube.common.mx_6.8.1.202304191431\\db\/plugins/mcufinder/images/
2024-02-29 17:29:18,235 [INFO] ApiDb:250 - Set database path to: C:\Users\user\.stmcufinder\plugins\mcufinder//mcu/
2024-02-29 17:29:18,238 [INFO] DbMcusAds:125 - Set database path to: C:\Users\user\.stmcufinder\plugins\mcufinder//mcu/
2024-02-29 17:29:18,244 [INFO] CrossReferenceDbSqlite:203 - Set database path to: C:\Users\user\.stmcufinder\plugins\mcufinder//mcu/cs/
2024-02-29 17:29:18,491 [INFO] RulesReader:64 - Compatibility file has been processed (293 Rules)
2024-02-29 17:29:18,719 [INFO] DbMcusXml:78 - Set database path to: D:\STM32CubeIDE_1.12.1\STM32CubeIDE\plugins\com.st.stm32cube.common.mx_6.8.1.202304191431\\db\/mcu/
2024-02-29 17:29:18,720 [INFO] ApiDb:274 - Set plugin database path to: D:\STM32CubeIDE_1.12.1\STM32CubeIDE\plugins\com.st.stm32cube.common.mx_6.8.1.202304191431\\db\/plugins/boardmanager/
2024-02-29 17:29:18,720 [INFO] ApiDb:261 - Set plugin images path to: D:\STM32CubeIDE_1.12.1\STM32CubeIDE\plugins\com.st.stm32cube.common.mx_6.8.1.202304191431\\db\/plugins/mcufinder/images/
2024-02-29 17:29:18,720 [WARN] DbFile:41 - Overriding database path with different value: C:\Users\user\.stmcufinder\plugins\mcufinder/ => C:\Users\user\.stmcufinder\plugins\mcufinder
2024-02-29 17:29:18,720 [INFO] ApiDb:250 - Set database path to: C:\Users\user\.stmcufinder\plugins\mcufinder//mcu/
2024-02-29 17:29:18,720 [WARN] DbFile:41 - Overriding database path with different value: C:\Users\user\.stmcufinder\plugins\mcufinder/ => C:\Users\user\.stmcufinder\plugins\mcufinder
2024-02-29 17:29:18,720 [INFO] DbMcusAds:125 - Set database path to: C:\Users\user\.stmcufinder\plugins\mcufinder//mcu/
2024-02-29 17:29:18,721 [WARN] DbFile:41 - Overriding database path with different value: C:\Users\user\.stmcufinder\plugins\mcufinder/ => C:\Users\user\.stmcufinder\plugins\mcufinder
2024-02-29 17:29:18,721 [WARN] DbFile:41 - Overriding database path with different value: C:\Users\user\.stmcufinder\plugins\mcufinder/ => C:\Users\user\.stmcufinder\plugins\mcufinder
2024-02-29 17:29:18,721 [INFO] CrossReferenceDbSqlite:203 - Set database path to: C:\Users\user\.stmcufinder\plugins\mcufinder//mcu/cs/
2024-02-29 17:29:18,905 [INFO] MainPanel:253 - HeapMemory: 268435456
2024-02-29 17:29:19,154 [INFO] DbMcusXml:78 - Set database path to: D:\STM32CubeIDE_1.12.1\STM32CubeIDE\plugins\com.st.stm32cube.common.mx_6.8.1.202304191431\\db\/mcu/
2024-02-29 17:29:19,154 [INFO] ApiDb:274 - Set plugin database path to: D:\STM32CubeIDE_1.12.1\STM32CubeIDE\plugins\com.st.stm32cube.common.mx_6.8.1.202304191431\\db\/plugins/boardmanager/
2024-02-29 17:29:19,154 [INFO] ApiDb:261 - Set plugin images path to: D:\STM32CubeIDE_1.12.1\STM32CubeIDE\plugins\com.st.stm32cube.common.mx_6.8.1.202304191431\\db\/plugins/mcufinder/images/
2024-02-29 17:29:19,156 [WARN] DbFile:41 - Overriding database path with different value: C:\Users\user\.stmcufinder\plugins\mcufinder/ => C:\Users\user\.stmcufinder\plugins\mcufinder
2024-02-29 17:29:19,156 [INFO] ApiDb:250 - Set database path to: C:\Users\user\.stmcufinder\plugins\mcufinder//mcu/
2024-02-29 17:29:19,157 [WARN] DbFile:41 - Overriding database path with different value: C:\Users\user\.stmcufinder\plugins\mcufinder/ => C:\Users\user\.stmcufinder\plugins\mcufinder
2024-02-29 17:29:19,157 [INFO] DbMcusAds:125 - Set database path to: C:\Users\user\.stmcufinder\plugins\mcufinder//mcu/
2024-02-29 17:29:19,157 [WARN] DbFile:41 - Overriding database path with different value: C:\Users\user\.stmcufinder\plugins\mcufinder/ => C:\Users\user\.stmcufinder\plugins\mcufinder
2024-02-29 17:29:19,157 [WARN] DbFile:41 - Overriding database path with different value: C:\Users\user\.stmcufinder\plugins\mcufinder/ => C:\Users\user\.stmcufinder\plugins\mcufinder
2024-02-29 17:29:19,157 [INFO] CrossReferenceDbSqlite:203 - Set database path to: C:\Users\user\.stmcufinder\plugins\mcufinder//mcu/cs/
2024-02-29 17:29:19,179 [INFO] ApplicationProperties:184 - Using Application install path: D:\STM32CubeIDE_1.12.1\STM32CubeIDE\plugins\com.st.stm32cube.common.mx_6.8.1.202304191431
2024-02-29 17:29:19,181 [INFO] PluginManage:196 - Search for loadable plugins [exclusion list=, ]
2024-02-29 17:29:19,183 [INFO] PluginManage:310 - Check plugin analytics
2024-02-29 17:29:19,456 [INFO] AnalyticsPlugin:253 - Accepted Software Licenses: 
2024-02-29 17:29:19,457 [INFO] AnalyticsPlugin:255 - Accepted CMSIS Pack Licenses: 
2024-02-29 17:29:19,457 [INFO] AnalyticsPlugin:257 - Accepted Firmware Licenses: FW.WL.1.3.0
2024-02-29 17:29:19,468 [INFO] PluginManage:359 - Loaded plugin analytics (category:tool,tabindex:-1)
2024-02-29 17:29:19,469 [INFO] PluginManage:310 - Check plugin cadmodel
2024-02-29 17:29:19,499 [INFO] CADModel:105 - Init CAD model plugin
2024-02-29 17:29:19,499 [INFO] PluginManage:359 - Loaded plugin cadmodel (category:power,tabindex:5)
2024-02-29 17:29:19,500 [INFO] PluginManage:310 - Check plugin clock
2024-02-29 17:29:19,531 [INFO] PluginManage:359 - Loaded plugin clock (category:base,tabindex:2)
2024-02-29 17:29:19,532 [INFO] PluginManage:310 - Check plugin ddr
2024-02-29 17:29:19,544 [INFO] PluginManage:359 - Loaded plugin ddr (category:tool,tabindex:6)
2024-02-29 17:29:19,544 [INFO] PluginManage:310 - Check plugin filemanager
2024-02-29 17:29:19,793 [INFO] PluginManage:359 - Loaded plugin filemanager (category:base,tabindex:10)
2024-02-29 17:29:19,794 [INFO] PluginManage:310 - Check plugin ipmanager
2024-02-29 17:29:19,816 [INFO] PluginManage:359 - Loaded plugin ipmanager (category:base,tabindex:5)
2024-02-29 17:29:19,816 [INFO] PluginManage:310 - Check plugin lpbam
2024-02-29 17:29:19,850 [INFO] PluginManage:359 - Loaded plugin lpbam (category:base,tabindex:0)
2024-02-29 17:29:19,850 [INFO] PluginManage:310 - Check plugin pinoutandconfiguration
2024-02-29 17:29:19,880 [INFO] PluginManage:359 - Loaded plugin pinoutandconfiguration (category:base,tabindex:1)
2024-02-29 17:29:19,880 [INFO] PluginManage:310 - Check plugin pinoutconfig
2024-02-29 17:29:20,089 [WARN] SupportedApi:132 - Cannot load RTOS API schema: s4s-elt-must-match.1: The content of 'definitions' must match (annotation?, (simpleType | complexType)?, (unique | key | keyref)*)). A problem was found starting at: attribute.
2024-02-29 17:29:20,380 [INFO] PluginManage:359 - Loaded plugin pinoutconfig (category:base,tabindex:0)
2024-02-29 17:29:20,381 [INFO] PluginManage:310 - Check plugin power
2024-02-29 17:29:20,433 [INFO] PluginManage:359 - Loaded plugin power (category:power,tabindex:4)
2024-02-29 17:29:20,434 [INFO] PluginManage:310 - Check plugin projectmanager
2024-02-29 17:29:20,469 [INFO] PluginManage:359 - Loaded plugin projectmanager (category:projectmanager,tabindex:3)
2024-02-29 17:29:20,470 [INFO] PluginManage:310 - Check plugin thirdparty
2024-02-29 17:29:20,966 [INFO] PluginManage:359 - Loaded plugin thirdparty (category:base,tabindex:-1)
2024-02-29 17:29:20,966 [WARN] IntegrityCheckThread:84 - waiting for thirdparty lock release [integrity check]
2024-02-29 17:29:20,966 [INFO] PluginManage:310 - Check plugin tools
2024-02-29 17:29:20,966 [INFO] IntegrityCheckThread:86 - entering critical section [integrity check]
2024-02-29 17:29:20,967 [INFO] ThirdPartyUpdaterWithRetryManager:70 - Updater plugin not ready yet. [1/15]
2024-02-29 17:29:20,998 [INFO] PluginManage:359 - Loaded plugin tools (category:base,tabindex:7)
2024-02-29 17:29:20,998 [INFO] PluginManage:310 - Check plugin tutovideos
2024-02-29 17:29:21,421 [INFO] PluginManage:359 - Loaded plugin tutovideos (category:base,tabindex:-1)
2024-02-29 17:29:21,421 [INFO] PluginManage:310 - Check plugin updater
2024-02-29 17:29:21,457 [INFO] PluginManage:359 - Loaded plugin updater (category:base,tabindex:12)
2024-02-29 17:29:21,458 [INFO] PluginManage:283 - PluginManage : Loaded plugins [15]
2024-02-29 17:29:21,977 [INFO] PinOutPanel:1499 - setPackage(No Configuration,No Configuration)
2024-02-29 17:29:22,081 [INFO] CADModel:165 - CPN selected for project level
2024-02-29 17:29:22,082 [INFO] CADModel:114 - Register for checkConnection events
2024-02-29 17:29:22,138 [INFO] IPUIPlugin:80 - create IPUIPlugin
2024-02-29 17:29:22,138 [INFO] PluginManager:220 - loadIPPluginJar : add adc
2024-02-29 17:29:22,177 [INFO] IPUIPlugin:80 - create IPUIPlugin
2024-02-29 17:29:22,177 [INFO] PluginManager:220 - loadIPPluginJar : add aes
2024-02-29 17:29:22,220 [INFO] IPUIPlugin:80 - create IPUIPlugin
2024-02-29 17:29:22,220 [INFO] PluginManager:220 - loadIPPluginJar : add can
2024-02-29 17:29:22,243 [INFO] IPUIPlugin:80 - create IPUIPlugin
2024-02-29 17:29:22,243 [INFO] PluginManager:220 - loadIPPluginJar : add comp
2024-02-29 17:29:22,276 [INFO] IPUIPlugin:80 - create IPUIPlugin
2024-02-29 17:29:22,276 [INFO] PluginManager:220 - loadIPPluginJar : add cryp
2024-02-29 17:29:22,309 [INFO] IPUIPlugin:80 - create IPUIPlugin
2024-02-29 17:29:22,309 [INFO] PluginManager:220 - loadIPPluginJar : add dfsdm
2024-02-29 17:29:22,348 [INFO] IPUIPlugin:80 - create IPUIPlugin
2024-02-29 17:29:22,351 [INFO] PluginManager:220 - loadIPPluginJar : add dma
2024-02-29 17:29:22,417 [INFO] IPUIPlugin:80 - create IPUIPlugin
2024-02-29 17:29:22,417 [INFO] PluginManager:220 - loadIPPluginJar : add dma3
2024-02-29 17:29:22,438 [INFO] IPUIPlugin:80 - create IPUIPlugin
2024-02-29 17:29:22,438 [INFO] PluginManager:220 - loadIPPluginJar : add fatfs
2024-02-29 17:29:22,484 [INFO] IPUIPlugin:80 - create IPUIPlugin
2024-02-29 17:29:22,485 [INFO] PluginManager:220 - loadIPPluginJar : add fmc
2024-02-29 17:29:22,513 [INFO] IPUIPlugin:80 - create IPUIPlugin
2024-02-29 17:29:22,514 [INFO] PluginManager:220 - loadIPPluginJar : add freertos
2024-02-29 17:29:22,535 [INFO] IPUIPlugin:80 - create IPUIPlugin
2024-02-29 17:29:22,535 [INFO] PluginManager:220 - loadIPPluginJar : add genericplugin
2024-02-29 17:29:22,631 [INFO] IPUIPlugin:80 - create IPUIPlugin
2024-02-29 17:29:22,632 [INFO] PluginManager:220 - loadIPPluginJar : add gfxmmu
2024-02-29 17:29:22,758 [INFO] IPUIPlugin:80 - create IPUIPlugin
2024-02-29 17:29:22,758 [INFO] PluginManager:220 - loadIPPluginJar : add gic
2024-02-29 17:29:22,798 [INFO] IPUIPlugin:80 - create IPUIPlugin
2024-02-29 17:29:22,799 [INFO] PluginManager:220 - loadIPPluginJar : add gpio
2024-02-29 17:29:22,891 [INFO] IPUIPlugin:80 - create IPUIPlugin
2024-02-29 17:29:22,891 [INFO] PluginManager:220 - loadIPPluginJar : add gtzc
2024-02-29 17:29:22,928 [INFO] IPUIPlugin:80 - create IPUIPlugin
2024-02-29 17:29:22,928 [INFO] PluginManager:220 - loadIPPluginJar : add hash
2024-02-29 17:29:22,978 [INFO] IPUIPlugin:80 - create IPUIPlugin
2024-02-29 17:29:22,978 [INFO] PluginManager:220 - loadIPPluginJar : add i2c
2024-02-29 17:29:23,020 [INFO] IPUIPlugin:80 - create IPUIPlugin
2024-02-29 17:29:23,020 [INFO] PluginManager:220 - loadIPPluginJar : add i2s
2024-02-29 17:29:23,062 [INFO] IPUIPlugin:80 - create IPUIPlugin
2024-02-29 17:29:23,062 [INFO] PluginManager:220 - loadIPPluginJar : add i3c
2024-02-29 17:29:23,190 [INFO] IPUIPlugin:80 - create IPUIPlugin
2024-02-29 17:29:23,190 [INFO] PluginManager:220 - loadIPPluginJar : add ipddr
2024-02-29 17:29:23,298 [INFO] IPUIPlugin:80 - create IPUIPlugin
2024-02-29 17:29:23,298 [INFO] PluginManager:220 - loadIPPluginJar : add linkedlist
2024-02-29 17:29:23,333 [INFO] IPUIPlugin:80 - create IPUIPlugin
2024-02-29 17:29:23,334 [INFO] PluginManager:220 - loadIPPluginJar : add lorawan
2024-02-29 17:29:23,373 [INFO] IPUIPlugin:80 - create IPUIPlugin
2024-02-29 17:29:23,374 [INFO] PluginManager:220 - loadIPPluginJar : add ltdc
2024-02-29 17:29:23,397 [INFO] IPUIPlugin:80 - create IPUIPlugin
2024-02-29 17:29:23,397 [INFO] PluginManager:220 - loadIPPluginJar : add mdma
2024-02-29 17:29:23,421 [INFO] IPUIPlugin:80 - create IPUIPlugin
2024-02-29 17:29:23,421 [INFO] PluginManager:220 - loadIPPluginJar : add nvic
2024-02-29 17:29:23,457 [INFO] IPUIPlugin:80 - create IPUIPlugin
2024-02-29 17:29:23,458 [INFO] PluginManager:220 - loadIPPluginJar : add opamp
2024-02-29 17:29:23,520 [INFO] IPUIPlugin:80 - create IPUIPlugin
2024-02-29 17:29:23,520 [INFO] PluginManager:220 - loadIPPluginJar : add openamp
2024-02-29 17:29:23,563 [INFO] IPUIPlugin:80 - create IPUIPlugin
2024-02-29 17:29:23,563 [INFO] PluginManager:220 - loadIPPluginJar : add pdm2pcm
2024-02-29 17:29:23,586 [INFO] IPUIPlugin:80 - create IPUIPlugin
2024-02-29 17:29:23,589 [INFO] PluginManager:220 - loadIPPluginJar : add plateformsettings
2024-02-29 17:29:23,616 [INFO] IPUIPlugin:80 - create IPUIPlugin
2024-02-29 17:29:23,616 [INFO] PluginManager:220 - loadIPPluginJar : add quadspi
2024-02-29 17:29:23,640 [INFO] IPUIPlugin:80 - create IPUIPlugin
2024-02-29 17:29:23,641 [INFO] PluginManager:220 - loadIPPluginJar : add resmgrutility
2024-02-29 17:29:23,689 [INFO] IPUIPlugin:80 - create IPUIPlugin
2024-02-29 17:29:23,690 [INFO] PluginManager:220 - loadIPPluginJar : add sai
2024-02-29 17:29:23,725 [INFO] IPUIPlugin:80 - create IPUIPlugin
2024-02-29 17:29:23,725 [INFO] PluginManager:220 - loadIPPluginJar : add spi
2024-02-29 17:29:23,790 [INFO] IPUIPlugin:80 - create IPUIPlugin
2024-02-29 17:29:23,790 [INFO] PluginManager:220 - loadIPPluginJar : add stm32_wpan
2024-02-29 17:29:23,816 [INFO] IPUIPlugin:80 - create IPUIPlugin
2024-02-29 17:29:23,816 [INFO] PluginManager:220 - loadIPPluginJar : add tim
2024-02-29 17:29:23,870 [INFO] IPUIPlugin:80 - create IPUIPlugin
2024-02-29 17:29:23,870 [INFO] PluginManager:220 - loadIPPluginJar : add touchsensing
2024-02-29 17:29:23,896 [INFO] IPUIPlugin:80 - create IPUIPlugin
2024-02-29 17:29:23,896 [INFO] PluginManager:220 - loadIPPluginJar : add tracer_emb
2024-02-29 17:29:23,932 [INFO] IPUIPlugin:80 - create IPUIPlugin
2024-02-29 17:29:23,932 [INFO] PluginManager:220 - loadIPPluginJar : add ts
2024-02-29 17:29:23,963 [INFO] IPUIPlugin:80 - create IPUIPlugin
2024-02-29 17:29:23,964 [INFO] PluginManager:220 - loadIPPluginJar : add tsc
2024-02-29 17:29:23,969 [INFO] ThirdPartyUpdaterWithRetryManager:70 - Updater plugin not ready yet. [2/15]
2024-02-29 17:29:23,997 [INFO] IPUIPlugin:80 - create IPUIPlugin
2024-02-29 17:29:23,997 [INFO] PluginManager:220 - loadIPPluginJar : add ucpd
2024-02-29 17:29:24,049 [INFO] IPUIPlugin:80 - create IPUIPlugin
2024-02-29 17:29:24,049 [INFO] PluginManager:220 - loadIPPluginJar : add usart
2024-02-29 17:29:24,096 [INFO] IPUIPlugin:80 - create IPUIPlugin
2024-02-29 17:29:24,096 [INFO] PluginManager:220 - loadIPPluginJar : add usbx
2024-02-29 17:29:24,252 [INFO] CADModel:165 - CPN selected for project level
2024-02-29 17:29:24,252 [INFO] CADModel:114 - Register for checkConnection events
2024-02-29 17:29:24,252 [FATAL] Updater:308 - Updater called before beeing initialized
2024-02-29 17:29:24,252 [ERROR] CADModel:125 - Updater not yet initialized, retry later 
2024-02-29 17:29:24,556 [INFO] CADModel:165 - CPN selected for project level
2024-02-29 17:29:24,556 [INFO] CADModel:114 - Register for checkConnection events
2024-02-29 17:29:24,556 [FATAL] Updater:308 - Updater called before beeing initialized
2024-02-29 17:29:24,556 [ERROR] CADModel:125 - Updater not yet initialized, retry later 
2024-02-29 17:29:24,561 [FATAL] Updater:308 - Updater called before beeing initialized
2024-02-29 17:29:24,707 [FATAL] Updater:308 - Updater called before beeing initialized
2024-02-29 17:29:24,719 [INFO] DbMcusAds:53 - JSON generation date=Tue Mar 07 12:50:55 GST 2023 (1678179055114)
2024-02-29 17:29:24,720 [FATAL] Updater:308 - Updater called before beeing initialized
2024-02-29 17:29:24,879 [WARN] DetailPanel:346 - Failed to get advertising image, set to default
2024-02-29 17:29:25,084 [FATAL] Updater:308 - Updater called before beeing initialized
2024-02-29 17:29:25,087 [FATAL] Updater:308 - Updater called before beeing initialized
2024-02-29 17:29:25,087 [FATAL] Updater:308 - Updater called before beeing initialized
2024-02-29 17:29:25,087 [WARN] DetailPanel:346 - Failed to get advertising image, set to default
2024-02-29 17:29:25,088 [FATAL] Updater:308 - Updater called before beeing initialized
2024-02-29 17:29:25,209 [ERROR] Updater:1120 - MainUpdater not yet initialized. External WinMGr cannot be set.
2024-02-29 17:29:25,247 [INFO] Updater:1056 - Updater Version found : 6.8.1
2024-02-29 17:29:25,311 [INFO] ApplicationProperties:184 - Using Application install path: D:\STM32CubeIDE_1.12.1\STM32CubeIDE\plugins\com.st.stm32cube.common.mx_6.8.1.202304191431
2024-02-29 17:29:25,913 [INFO] MainUpdater:2854 - connection check result : 10
2024-02-29 17:29:25,914 [INFO] MainUpdater:3548 - Updater definition file requires update
2024-02-29 17:29:25,917 [INFO] MainUpdater:283 - Updater Check For Update Now.
2024-02-29 17:29:25,919 [INFO] MicroXplorer:498 - Change Database Version : DB.6.0.81
2024-02-29 17:29:25,953 [INFO] ServerAccessManage:473 - Download File updaters.zip
2024-02-29 17:29:26,009 [INFO] FileExtend:240 - Unzip File : updaters.zip
2024-02-29 17:29:26,009 [INFO] FileExtend:255 - Standard Zip Deflate
2024-02-29 17:29:26,347 [INFO] ServerAccessManage:473 - Download File PacksControlFlags.xml
2024-02-29 17:29:26,431 [INFO] ServerAccessManage:473 - Download File cubemx.pidx
2024-02-29 17:29:26,982 [WARN] MainUpdater:1187 - Updater busy. Cannot search thirdparties
2024-02-29 17:29:26,982 [INFO] ThirdPartyUpdaterWithRetryManager:96 - Updater plugin is busy. [1/15]
2024-02-29 17:29:27,114 [INFO] ServerAccessManage:473 - Download File STMicroelectronics.X-CUBE-BLEMGR.pdsc
2024-02-29 17:29:29,129 [ERROR] ServerAccessManage:1096 - Problem, Http access forbiden
2024-02-29 17:29:29,129 [ERROR] ServerAccessManage:651 - Problem, Http access forbiden : RoweBots.I-CUBE-UNISONRTOS.pdsc.
2024-02-29 17:29:29,428 [WARN] PackLoader:240 - Cannot read IP mode file for STMicroelectronics.X-CUBE-BLEMGR.3.1.0
2024-02-29 17:29:29,437 [INFO] PopulateThirdPartyThread:66 - Ending populate Thread
2024-02-29 17:29:29,444 [INFO] ThirdParty:1030 - CMSIS Pack Vendor :STMicroelectronics X-CUBE-BLEMGR 3.1.0
2024-02-29 17:29:29,445 [INFO] LoadServerUpdatesThread:373 - End of LoadServerUpdate Thread
2024-02-29 17:29:29,577 [INFO] CheckServerUpdateThread:120 - End of CheckServer Thread
2024-02-29 17:29:29,685 [INFO] MainUpdater:2854 - connection check result : 10
2024-02-29 17:29:29,723 [INFO] McuFinderGlobals:66 - Set McuFinderConnectedMode to true
2024-02-29 17:29:30,007 [WARN] MainUpdater:1187 - Updater busy. Cannot search thirdparties
2024-02-29 17:29:30,008 [INFO] ThirdPartyUpdaterWithRetryManager:96 - Updater plugin is busy. [2/15]
2024-02-29 17:29:30,337 [INFO] ServerAccessManage:473 - Download File mcusAds.json._tmp_
2024-02-29 17:29:30,455 [INFO] LoadUrlFilesThread:156 - End of LoadUrlFiles Thread
2024-02-29 17:29:31,322 [INFO] ServerAccessManage:473 - Download File cube-finder-db.zip
2024-02-29 17:29:32,444 [INFO] FileExtend:240 - Unzip File : cube-finder-db.zip
2024-02-29 17:29:32,444 [INFO] FileExtend:255 - Standard Zip Deflate
2024-02-29 17:29:33,011 [WARN] MainUpdater:1187 - Updater busy. Cannot search thirdparties
2024-02-29 17:29:33,011 [INFO] ThirdPartyUpdaterWithRetryManager:96 - Updater plugin is busy. [3/15]
2024-02-29 17:29:33,230 [INFO] LoadUrlFilesThread:156 - End of LoadUrlFiles Thread
2024-02-29 17:29:33,922 [INFO] ServerAccessManage:473 - Download File crdb.zip
2024-02-29 17:29:34,601 [INFO] FileExtend:240 - Unzip File : crdb.zip
2024-02-29 17:29:34,601 [INFO] FileExtend:255 - Standard Zip Deflate
2024-02-29 17:29:34,745 [INFO] LoadUrlFilesThread:156 - End of LoadUrlFiles Thread
2024-02-29 17:29:35,800 [INFO] ServerAccessManage:473 - Download File tutoVideoDB.zip
2024-02-29 17:29:36,017 [WARN] MainUpdater:1187 - Updater busy. Cannot search thirdparties
2024-02-29 17:29:36,017 [INFO] ThirdPartyUpdaterWithRetryManager:96 - Updater plugin is busy. [4/15]
2024-02-29 17:29:36,405 [INFO] FileExtend:240 - Unzip File : tutoVideoDB.zip
2024-02-29 17:29:36,408 [INFO] FileExtend:255 - Standard Zip Deflate
2024-02-29 17:29:36,563 [INFO] LoadUrlFilesThread:156 - End of LoadUrlFiles Thread
2024-02-29 17:29:36,579 [WARN] DbFile:41 - Overriding database path with different value: C:\Users\user\.stmcufinder\plugins\mcufinder/ => C:\Users\user\.stmcufinder\plugins\mcufinder
2024-02-29 17:29:37,049 [INFO] ServerAccessManage:473 - Download File api_config.json
2024-02-29 17:29:37,172 [INFO] LoadUrlFilesThread:156 - End of LoadUrlFiles Thread
2024-02-29 17:29:37,173 [INFO] DbMcusAds:53 - JSON generation date=Wed Nov 29 14:52:27 GST 2023 (1701255147349)
2024-02-29 17:29:37,344 [INFO] ServerAccessManage:473 - Download File 
2024-02-29 17:29:37,394 [INFO] LoadUrlFilesThread:185 - End of LoadServerUrlFiles without Thread
2024-02-29 17:29:37,396 [INFO] TargetSelectorAdapter:259 - Refresh data is successful
2024-02-29 17:29:37,598 [INFO] ApiDb:581 - Connected to CubeFinder SQLite database (C:\Users\user\.stmcufinder\plugins\mcufinder\mcu\cube-finder-db.db)
2024-02-29 17:29:37,666 [INFO] ApiDb:668 - CubeFinder database Data Model version=2.1
2024-02-29 17:29:37,666 [INFO] ApiDb:669 - CubeFinder database Configuration version=3.0.39
2024-02-29 17:29:37,667 [INFO] ApiDb:670 - CubeFinder database generation date=2024-02-19 (1708350410)
2024-02-29 17:29:37,667 [INFO] ApiDb:671 - CubeFinder database FW Pack versions=[FP-ATR-ASTRA1_V2.0.0, FP-SNS-FLIGHT1_V5.0.1, FP-SNS-FLIGHT1_V5.0.2, FP-SNS-MOTENV1_V4.3.1, FP-SNS-MOTENV1_V4.3.2, FP-SNS-MOTENVWB1_V1.3.1, FP-SNS-SMARTAG2_V1.2.0, STM32Cube_FW_C0_V1.1.0, STM32Cube_FW_F4_V1.28.0, STM32Cube_FW_F7_V1.17.0, STM32Cube_FW_G0_V1.6.2, STM32Cube_FW_G4_V1.5.2, STM32Cube_FW_H5_V0.5.1, STM32Cube_FW_H5_V1.1.1, STM32Cube_FW_H5_V1.2.0RC2, STM32Cube_FW_H7_V1.11.0, STM32Cube_FW_L0_V1.12.2, STM32Cube_FW_L5_V1.5.0, STM32Cube_FW_U5_V1.3.0RC4, STM32Cube_FW_U5_V1.4.0, STM32Cube_FW_WBA_V1.0.0RC1, STM32Cube_FW_WBA_V1.1.0RC1, STM32Cube_FW_WBA_V1.2.0, STM32Cube_FW_WBA_V1.2.0RC2, STM32Cube_FW_WB_V1.15.0RC1, STM32Cube_FW_WB_V1.16.0, STM32Cube_FW_WB_V1.16.0RC2, STM32Cube_FW_WB_V1.18.0, STM32Cube_FW_WL_V1.3.0, X-CUBE-ALGOBUILD_V1.3.0, X-CUBE-ALS_V1.0.1, X-CUBE-AZRTOS-F4_V1.1.0, X-CUBE-AZRTOS-F7_V1.1.0, X-CUBE-AZRTOS-G0_V1.1.0, X-CUBE-AZRTOS-G4_V2.0.0, X-CUBE-AZRTOS-H7_V3.2.0, X-CUBE-AZRTOS-L4_V1.0.0, X-CUBE-AZRTOS-L4_V2.0.0, X-CUBE-AZRTOS-L5_V1.1.0, X-CUBE-AZRTOS-WB_V2.0.0, X-CUBE-AZRTOS-WL_V2.0.0, X-CUBE-BLE1_V7.0.0, X-CUBE-BLE2_V3.3.0, X-CUBE-BLEMGR_V3.0.0, X-CUBE-EEPRMA1_V4.1.0, X-CUBE-EEPRMA1_V5.1.0, X-CUBE-FREERTOS_V1.1.0, X-CUBE-GNSS1_V6.0.0, X-CUBE-MEMS1_V10.0.0, X-CUBE-MEMS1_V9.1.0, X-CUBE-MEMS1_V9.4.0, X-CUBE-MEMS1_V9.6.0, X-CUBE-NFC4_V3.0.0, X-CUBE-NFC7_V1.0.1, X-CUBE-SFXS2LP1_V4.0.0, X-CUBE-SUBG2_V5.0.0, X-CUBE-TOF1_V3.4.0]
2024-02-29 17:29:39,247 [WARN] PackLoader:240 - Cannot read IP mode file for STMicroelectronics.X-CUBE-SMBUS.2.1.0
2024-02-29 17:29:39,261 [WARN] PackLoader:240 - Cannot read IP mode file for STMicroelectronics.X-CUBE-TOUCHGFX.4.23.0
2024-02-29 17:29:39,302 [WARN] PackLoader:240 - Cannot read IP mode file for STMicroelectronics.X-CUBE-AZRTOS-F7.1.1.0
2024-02-29 17:29:39,321 [ERROR] RealEvaluatedCondition:428 - Found unsupported composite condition: CLASS='Data Exchange' GROUP='STM32_MetaDataManager'
2024-02-29 17:29:39,322 [ERROR] RealEvaluatedCondition:428 - Found unsupported composite condition: CLASS='Data Exchange' GROUP='STM32_MetaDataManager'
2024-02-29 17:29:39,323 [WARN] PackLoader:240 - Cannot read IP mode file for STMicroelectronics.FP-SNS-MOTENV1.4.3.0
2024-02-29 17:29:39,348 [WARN] PackLoader:240 - Cannot read IP mode file for STMicroelectronics.FP-SNS-MOTENV1.4.3.2
2024-02-29 17:29:39,364 [WARN] PackLoader:240 - Cannot read IP mode file for STMicroelectronics.FP-SNS-FLIGHT1.5.0.0
2024-02-29 17:29:39,376 [ERROR] RealEvaluatedCondition:428 - Found unsupported composite condition: CLASS='Data Exchange' GROUP='STM32_MetaDataManager'
2024-02-29 17:29:39,376 [ERROR] RealEvaluatedCondition:428 - Found unsupported composite condition: GROUP='STM32_MetaDataManager' CLASS='Data Exchange'
2024-02-29 17:29:39,377 [WARN] PackLoader:240 - Cannot read IP mode file for STMicroelectronics.FP-SNS-MOTENV1.4.3.1
2024-02-29 17:29:39,393 [WARN] PackLoader:240 - Cannot read IP mode file for STMicroelectronics.FP-SNS-FLIGHT1.5.0.1
2024-02-29 17:29:39,407 [WARN] PackLoader:240 - Cannot read IP mode file for STMicroelectronics.X-CUBE-BLE1.6.2.4
2024-02-29 17:29:39,413 [WARN] PackLoader:240 - Cannot read IP mode file for STMicroelectronics.FP-SNS-FLIGHT1.5.0.2
2024-02-29 17:29:39,432 [WARN] PackLoader:240 - Cannot read IP mode file for STMicroelectronics.X-CUBE-DISPLAY.3.0.0
2024-02-29 17:29:39,463 [WARN] PackLoader:240 - Cannot read IP mode file for STMicroelectronics.X-CUBE-BLE1.7.0.0
2024-02-29 17:29:39,477 [WARN] PackLoader:240 - Cannot read IP mode file for STMicroelectronics.X-CUBE-TOUCHGFX.4.22.0
2024-02-29 17:29:39,486 [WARN] PackLoader:240 - Cannot read IP mode file for STMicroelectronics.X-CUBE-BLEMGR.3.1.0
2024-02-29 17:29:39,501 [WARN] PackLoader:240 - Cannot read IP mode file for STMicroelectronics.FP-SNS-SMARTAG2.1.2.0
2024-02-29 17:29:39,534 [INFO] LogOutputStream:77 - [STDOUT_REDIRECT] 1 : Invalid condition id : UX_CORESTACK_Condition cause : null
2024-02-29 17:29:39,535 [INFO] LogOutputStream:77 - [STDOUT_REDIRECT] 1 : Invalid condition id : UX_CORESTACK_Condition cause : null
2024-02-29 17:29:39,537 [INFO] LogOutputStream:77 - [STDOUT_REDIRECT] 1 : Invalid condition id : UX_CORESTACK_Condition cause : null
2024-02-29 17:29:39,538 [INFO] LogOutputStream:77 - [STDOUT_REDIRECT] 1 : Invalid condition id : UX_CORESTACK_Condition cause : null
2024-02-29 17:29:39,538 [INFO] LogOutputStream:77 - [STDOUT_REDIRECT] 1 : Invalid condition id : UX_CORESTACK_Condition cause : null
2024-02-29 17:29:39,542 [WARN] PackLoader:240 - Cannot read IP mode file for STMicroelectronics.X-CUBE-AZRTOS-WL.2.0.0
2024-02-29 17:29:39,557 [WARN] PackLoader:240 - Cannot read IP mode file for WES.I-CUBE-Cesium.1.3.0
2024-02-29 17:29:39,576 [WARN] PackLoader:240 - Cannot read IP mode file for STMicroelectronics.X-CUBE-BLE2.3.3.0
2024-02-29 17:29:39,590 [WARN] PackLoader:240 - Cannot read IP mode file for STMicroelectronics.X-CUBE-TOUCHGFX.4.21.4
2024-02-29 17:29:39,603 [WARN] PackLoader:240 - Cannot read IP mode file for STMicroelectronics.X-CUBE-ALGOBUILD.1.3.0
2024-02-29 17:29:39,632 [WARN] PackLoader:240 - Cannot read IP mode file for STMicroelectronics.X-CUBE-AZRTOS-G0.1.1.0
2024-02-29 17:29:39,656 [WARN] PackLoader:240 - Cannot read IP mode file for STMicroelectronics.X-CUBE-NFC4.3.0.0
2024-02-29 17:29:39,676 [WARN] PackLoader:240 - Cannot read IP mode file for STMicroelectronics.X-CUBE-BLEMGR.3.0.0
2024-02-29 17:29:39,684 [WARN] PackLoader:240 - Cannot read IP mode file for STMicroelectronics.FP-ATR-SIGFOX1.3.2.0
2024-02-29 17:29:39,701 [WARN] PackLoader:240 - Cannot read IP mode file for STMicroelectronics.X-CUBE-EEPRMA1.5.1.0
2024-02-29 17:29:39,752 [WARN] PackLoader:240 - Cannot read IP mode file for SEGGER.I-CUBE-embOS.1.3.1
2024-02-29 17:29:39,818 [WARN] PackLoader:240 - Cannot read IP mode file for STMicroelectronics.X-CUBE-GNSS1.6.0.0
2024-02-29 17:29:39,846 [WARN] PackLoader:240 - Cannot read IP mode file for STMicroelectronics.X-CUBE-AZRTOS-F4.1.1.0
2024-02-29 17:29:39,860 [WARN] PackLoader:240 - Cannot read IP mode file for wolfSSL.I-CUBE-wolfSSL.5.6.0
2024-02-29 17:29:39,889 [WARN] PackLoader:240 - Cannot read IP mode file for STMicroelectronics.X-CUBE-AZRTOS-L5.2.0.0
2024-02-29 17:29:39,938 [WARN] PackLoader:240 - Cannot read IP mode file for STMicroelectronics.X-CUBE-MEMS1.9.6.0
2024-02-29 17:29:40,088 [INFO] ApiDb:240 - Found 297 in-development CPN: [B-G473E-ZEST1S, B-WB1M-WPAN1, B-WL5M-SUBG1, NUCLEO-C031C6, NUCLEO-H503RB, NUCLEO-H563ZI, NUCLEO-U545RE-Q, NUCLEO-U5A5ZJ-Q, NUCLEO-WBA52CG, STEVAL-PROTEUS1, STEVAL-STWINBX1, STM320518-EVAL, STM32C0116-DK, STM32C011D6Y3TR, STM32C011D6Y6TR, STM32C011F4P3, STM32C011F4P6, STM32C011F4U3, STM32C011F4U6TR, STM32C011F6P3, STM32C011F6P6, STM32C011F6U3, STM32C011F6U6TR, STM32C011J4M3, STM32C011J4M6, STM32C011J6M3, STM32C011J6M6, STM32C0316-DK, STM32C031C4T3, STM32C031C4T6, STM32C031C4U3, STM32C031C4U6, STM32C031C6T3, STM32C031C6T6, STM32C031C6U3, STM32C031C6U6, STM32C031F4P3, STM32C031F4P6, STM32C031F6P3, STM32C031F6P6, STM32C031G4U3, STM32C031G4U6, STM32C031G6U3, STM32C031G6U6, STM32C031K4T3, STM32C031K4T6, STM32C031K4U3, STM32C031K4U6, STM32C031K6T3, STM32C031K6T6, STM32C031K6U3, STM32C031K6U6, STM32G071K8TXN, STM32G071K8UXN, STM32G081GBU6N, STM32G081KBT6N, STM32G081KBUXN, STM32G0B1CCT6N, STM32G0B1KCT6, STM32G0B1NEY6TR, STM32G0B1RCT6N, STM32G0C1CCT6, STM32G0C1CCT6N, STM32G0C1CCU6N, STM32G0C1CET6N, STM32G0C1CEU6N, STM32G0C1KCT6, STM32G0C1NEY6TR, STM32G0C1RCI6N, STM32G0C1RCT6N, STM32G0C1REI6N, STM32G0C1RET6N, STM32G0C1VCI6, STM32G0C1VEI6, STM32G471CCT6, STM32G471CCU6, STM32G471CET3, STM32G471CET6, STM32G471CEU3, STM32G471CEU6, STM32G471MCT6, STM32G471MET3, STM32G471MET6, STM32G471MEY6TR, STM32G471QCT6, STM32G471QET3, STM32G471RCT6, STM32G471RET3, STM32G471RET6, STM32G471VCH6, STM32G471VCI6, STM32G471VCT6, STM32G471VEH3, STM32G471VEH6, STM32G471VEI3, STM32G471VEI6, STM32G471VET3, STM32G471VET6, STM32G474CCT6, STM32H503CBT6, STM32H503CBU6, STM32H503EBY6TR, STM32H503KBU6, STM32H503RBT6, STM32H562AGI6, STM32H562AII6, STM32H562IGK6, STM32H562IGT6, STM32H562IIK6, STM32H562IIT6, STM32H562RGT6, STM32H562RGV6, STM32H562RIT6, STM32H562RIV6, STM32H562VGT6, STM32H562VIT6, STM32H562ZGT6, STM32H562ZIT6, STM32H563AGI6, STM32H563AII3Q, STM32H563AII6, STM32H563IGK6, STM32H563IGT6, STM32H563IIK3Q, STM32H563IIK6, STM32H563IIT3Q, STM32H563IIT6, STM32H563MIY3QTR, STM32H563RGT6, STM32H563RGV6, STM32H563RIT6, STM32H563RIV6, STM32H563VGT6, STM32H563VIT3Q, STM32H563VIT6, STM32H563ZGT6, STM32H563ZIT3Q, STM32H563ZIT6, STM32H573AII3Q, STM32H573AII6, STM32H573I-DK, STM32H573IIK3Q, STM32H573IIK6, STM32H573IIT3Q, STM32H573IIT6, STM32H573MIY3QTR, STM32H573RIT6, STM32H573RIV6, STM32H573VIT3Q, STM32H573VIT6, STM32H573ZIT3Q, STM32H573ZIT6, STM32L4R5QGI6STR, STM32MP131AAE3, STM32MP131AAF3, STM32MP131AAG3, STM32MP131CAE3, STM32MP131CAF3, STM32MP131CAG3, STM32MP131DAE7, STM32MP131DAF7, STM32MP131DAG7, STM32MP131FAE7, STM32MP131FAF7, STM32MP131FAG7, STM32MP133AAE3, STM32MP133AAF3, STM32MP133AAG3, STM32MP133CAE3, STM32MP133CAF3, STM32MP133CAG3, STM32MP133DAE7, STM32MP133DAF7, STM32MP133DAG7, STM32MP133FAE7, STM32MP133FAF7, STM32MP133FAG7, STM32MP135AAE3, STM32MP135AAF3, STM32MP135AAG3, STM32MP135CAE3, STM32MP135CAF3, STM32MP135CAG3, STM32MP135DAE7, STM32MP135DAF7, STM32MP135DAG7, STM32MP135F-DK, STM32MP135FAE7, STM32MP135FAF7, STM32MP135FAF7T, STM32MP135FAF7U, STM32MP135FAG7, STM32U535CBT6, STM32U535CBT6Q, STM32U535CBU6, STM32U535CBU6Q, STM32U535CCT6, STM32U535CCT6Q, STM32U535CCU6, STM32U535CCU6Q, STM32U535CET6, STM32U535CET6Q, STM32U535CEU6, STM32U535CEU6Q, STM32U535JEY6QTR, STM32U535NCY6QTR, STM32U535NEY6QTR, STM32U535RBI6, STM32U535RBI6Q, STM32U535RBT6, STM32U535RBT6Q, STM32U535RCI6, STM32U535RCI6Q, STM32U535RCT6, STM32U535RCT6Q, STM32U535REI6, STM32U535REI6Q, STM32U535RET6, STM32U535RET6Q, STM32U535VCI6, STM32U535VCI6Q, STM32U535VCT6, STM32U535VCT6Q, STM32U535VEI6, STM32U535VEI6Q, STM32U535VET6, STM32U535VET6Q, STM32U545CET6, STM32U545CET6Q, STM32U545CEU6, STM32U545CEU6Q, STM32U545JEY6QTR, STM32U545NEY6QTR, STM32U545REI6, STM32U545REI6Q, STM32U545RET6, STM32U545RET6Q, STM32U545VEI6, STM32U545VEI6Q, STM32U545VET6, STM32U545VET6Q, STM32U595AIH6, STM32U595AIH6Q, STM32U595AJH6, STM32U595AJH6Q, STM32U595QII6, STM32U595QII6Q, STM32U595QJI6, STM32U595QJI6Q, STM32U595RIT6, STM32U595RIT6Q, STM32U595RJT6, STM32U595RJT6Q, STM32U595VIT6, STM32U595VIT6Q, STM32U595VJT6, STM32U595VJT6Q, STM32U595ZIT6, STM32U595ZIT6Q, STM32U595ZIY6QTR, STM32U595ZJT6, STM32U595ZJT6Q, STM32U595ZJY6QTR, STM32U599BJY6QTR, STM32U599NIH6Q, STM32U599NJH6Q, STM32U599VIT6Q, STM32U599VJT6, STM32U599VJT6Q, STM32U599ZIT6Q, STM32U599ZIY6QTR, STM32U599ZJT6Q, STM32U599ZJY6QTR, STM32U5A5AJH6, STM32U5A5AJH6Q, STM32U5A5QJI6, STM32U5A5QJI6Q, STM32U5A5RJT6, STM32U5A5RJT6Q, STM32U5A5VJT6, STM32U5A5VJT6Q, STM32U5A5ZJT6, STM32U5A5ZJT6Q, STM32U5A5ZJY6QTR, STM32U5A9BJY6QTR, STM32U5A9J-DK, STM32U5A9NJH6Q, STM32U5A9VJT6Q, STM32U5A9ZJT6Q, STM32U5A9ZJY6QTR, STM32WB1MMCH6, STM32WBA52CEU6, STM32WBA52CEU6T, STM32WBA52CGU6, STM32WBA52CGU6T, STM32WL5MOCH6, STM32WL5MOCH6TR]
2024-02-29 17:29:40,097 [INFO] DbMcus:216 - Found 3861 MCUs, 3861 are supported
2024-02-29 17:29:40,125 [WARN] PackLoader:240 - Cannot read IP mode file for ITTIA_DB.I-CUBE-ITTIADB.8.8.0
2024-02-29 17:29:40,179 [INFO] ApiDb:423 - Load user favorites file C:\Users\user/.stm32cubeide/favorites.mcus.txt: 0 item(s)
2024-02-29 17:29:40,180 [INFO] ApiDb:427 - User favorites MCUs=[]
2024-02-29 17:29:40,180 [INFO] DbMcus:222 - Set 0 / 0 favorites MCUs
2024-02-29 17:29:40,349 [WARN] PackLoader:240 - Cannot read IP mode file for emotas.I-CUBE-CANOPEN.1.1.3
2024-02-29 17:29:40,506 [WARN] PackLoader:240 - Cannot read IP mode file for STMicroelectronics.X-CUBE-BLEMGR.2.0.0
2024-02-29 17:29:40,570 [WARN] ConditionMgr:438 - getConditionDescription Invalid condition id : UX DEVICE CLASS RTOS Condition cause : null
2024-02-29 17:29:40,570 [WARN] ConditionMgr:438 - getConditionDescription Invalid condition id : UX DEVICE CLASS RTOS Condition cause : null
2024-02-29 17:29:40,574 [WARN] PackLoader:240 - Cannot read IP mode file for STMicroelectronics.X-CUBE-AZRTOS-H7.3.1.0
2024-02-29 17:29:40,575 [WARN] ConditionMgr:1039 - genDependencies : Invalid condition id : UX DEVICE CLASS RTOS Condition cause : null
2024-02-29 17:29:40,575 [WARN] ConditionMgr:1039 - genDependencies : Invalid condition id : UX DEVICE CLASS RTOS Condition cause : null
2024-02-29 17:29:40,576 [WARN] ConditionMgr:1039 - genDependencies : Invalid condition id : UX DEVICE CLASS RTOS Condition cause : null
2024-02-29 17:29:40,576 [WARN] ConditionMgr:1039 - genDependencies : Invalid condition id : UX DEVICE CLASS RTOS Condition cause : null
2024-02-29 17:29:40,576 [WARN] ConditionMgr:1039 - genDependencies : Invalid condition id : UX DEVICE CLASS RTOS Condition cause : null
2024-02-29 17:29:40,596 [WARN] PackLoader:240 - Cannot read IP mode file for STMicroelectronics.X-CUBE-NFC7.1.0.1
2024-02-29 17:29:40,613 [WARN] PackLoader:240 - Cannot read IP mode file for STMicroelectronics.X-CUBE-NFC7.1.0.0
2024-02-29 17:29:40,640 [WARN] PackLoader:240 - Cannot read IP mode file for STMicroelectronics.X-CUBE-NFC6.3.0.0
2024-02-29 17:29:40,664 [WARN] PackLoader:240 - Cannot read IP mode file for STMicroelectronics.X-CUBE-EEPRMA1.4.1.0
2024-02-29 17:29:40,684 [WARN] PackLoader:240 - Cannot read IP mode file for STMicroelectronics.X-CUBE-AI.8.1.0
2024-02-29 17:29:40,722 [WARN] ConditionMgr:438 - getConditionDescription Invalid condition id : LAN8742 Phy interface Condition cause : null
2024-02-29 17:29:40,723 [WARN] PackLoader:240 - Cannot read IP mode file for STMicroelectronics.X-CUBE-AZRTOS-L4.2.0.0
2024-02-29 17:29:40,724 [WARN] ConditionMgr:1039 - genDependencies : Invalid condition id : LAN8742 Phy interface Condition cause : null
2024-02-29 17:29:40,724 [WARN] ConditionMgr:1039 - genDependencies : Invalid condition id : LAN8742 Phy interface Condition cause : null
2024-02-29 17:29:40,725 [WARN] ConditionMgr:1039 - genDependencies : Invalid condition id : LAN8742 Phy interface Condition cause : null
2024-02-29 17:29:40,741 [WARN] PackLoader:240 - Cannot read IP mode file for STMicroelectronics.X-CUBE-SFXS2LP1.4.0.0
2024-02-29 17:29:40,757 [WARN] PackLoader:240 - Cannot read IP mode file for STMicroelectronics.X-CUBE-ISPU.1.1.0
2024-02-29 17:29:40,782 [WARN] ConditionMgr:438 - getConditionDescription Invalid condition id : UX DEVICE CLASS RTOS Condition cause : null
2024-02-29 17:29:40,782 [WARN] ConditionMgr:438 - getConditionDescription Invalid condition id : UX DEVICE CLASS RTOS Condition cause : null
2024-02-29 17:29:40,784 [WARN] PackLoader:240 - Cannot read IP mode file for STMicroelectronics.X-CUBE-AZRTOS-WB.2.0.0
2024-02-29 17:29:40,785 [WARN] ConditionMgr:1039 - genDependencies : Invalid condition id : UX DEVICE CLASS RTOS Condition cause : null
2024-02-29 17:29:40,785 [WARN] ConditionMgr:1039 - genDependencies : Invalid condition id : UX DEVICE CLASS RTOS Condition cause : null
2024-02-29 17:29:40,785 [WARN] ConditionMgr:1039 - genDependencies : Invalid condition id : UX DEVICE CLASS RTOS Condition cause : null
2024-02-29 17:29:40,786 [WARN] ConditionMgr:1039 - genDependencies : Invalid condition id : UX DEVICE CLASS RTOS Condition cause : null
2024-02-29 17:29:40,786 [WARN] ConditionMgr:1039 - genDependencies : Invalid condition id : UX DEVICE CLASS RTOS Condition cause : null
2024-02-29 17:29:40,807 [WARN] PackLoader:240 - Cannot read IP mode file for STMicroelectronics.X-CUBE-FREERTOS.1.0.1
2024-02-29 17:29:40,818 [INFO] ApiDb:668 - CubeFinder database Data Model version=2.1
2024-02-29 17:29:40,818 [INFO] ApiDb:669 - CubeFinder database Configuration version=3.0.39
2024-02-29 17:29:40,818 [INFO] ApiDb:670 - CubeFinder database generation date=2024-02-19 (1708350410)
2024-02-29 17:29:40,818 [INFO] ApiDb:671 - CubeFinder database FW Pack versions=[FP-ATR-ASTRA1_V2.0.0, FP-SNS-FLIGHT1_V5.0.1, FP-SNS-FLIGHT1_V5.0.2, FP-SNS-MOTENV1_V4.3.1, FP-SNS-MOTENV1_V4.3.2, FP-SNS-MOTENVWB1_V1.3.1, FP-SNS-SMARTAG2_V1.2.0, STM32Cube_FW_C0_V1.1.0, STM32Cube_FW_F4_V1.28.0, STM32Cube_FW_F7_V1.17.0, STM32Cube_FW_G0_V1.6.2, STM32Cube_FW_G4_V1.5.2, STM32Cube_FW_H5_V0.5.1, STM32Cube_FW_H5_V1.1.1, STM32Cube_FW_H5_V1.2.0RC2, STM32Cube_FW_H7_V1.11.0, STM32Cube_FW_L0_V1.12.2, STM32Cube_FW_L5_V1.5.0, STM32Cube_FW_U5_V1.3.0RC4, STM32Cube_FW_U5_V1.4.0, STM32Cube_FW_WBA_V1.0.0RC1, STM32Cube_FW_WBA_V1.1.0RC1, STM32Cube_FW_WBA_V1.2.0, STM32Cube_FW_WBA_V1.2.0RC2, STM32Cube_FW_WB_V1.15.0RC1, STM32Cube_FW_WB_V1.16.0, STM32Cube_FW_WB_V1.16.0RC2, STM32Cube_FW_WB_V1.18.0, STM32Cube_FW_WL_V1.3.0, X-CUBE-ALGOBUILD_V1.3.0, X-CUBE-ALS_V1.0.1, X-CUBE-AZRTOS-F4_V1.1.0, X-CUBE-AZRTOS-F7_V1.1.0, X-CUBE-AZRTOS-G0_V1.1.0, X-CUBE-AZRTOS-G4_V2.0.0, X-CUBE-AZRTOS-H7_V3.2.0, X-CUBE-AZRTOS-L4_V1.0.0, X-CUBE-AZRTOS-L4_V2.0.0, X-CUBE-AZRTOS-L5_V1.1.0, X-CUBE-AZRTOS-WB_V2.0.0, X-CUBE-AZRTOS-WL_V2.0.0, X-CUBE-BLE1_V7.0.0, X-CUBE-BLE2_V3.3.0, X-CUBE-BLEMGR_V3.0.0, X-CUBE-EEPRMA1_V4.1.0, X-CUBE-EEPRMA1_V5.1.0, X-CUBE-FREERTOS_V1.1.0, X-CUBE-GNSS1_V6.0.0, X-CUBE-MEMS1_V10.0.0, X-CUBE-MEMS1_V9.1.0, X-CUBE-MEMS1_V9.4.0, X-CUBE-MEMS1_V9.6.0, X-CUBE-NFC4_V3.0.0, X-CUBE-NFC7_V1.0.1, X-CUBE-SFXS2LP1_V4.0.0, X-CUBE-SUBG2_V5.0.0, X-CUBE-TOF1_V3.4.0]
2024-02-29 17:29:40,834 [WARN] PackLoader:240 - Cannot read IP mode file for STMicroelectronics.X-CUBE-AZRTOS-L5.1.1.0
2024-02-29 17:29:40,849 [WARN] PackLoader:240 - Cannot read IP mode file for STMicroelectronics.X-CUBE-AI.8.0.1
2024-02-29 17:29:40,869 [WARN] PackLoader:240 - Cannot read IP mode file for STMicroelectronics.X-CUBE-SUBG2.5.0.0
2024-02-29 17:29:40,904 [WARN] PackLoader:240 - Cannot read IP mode file for STMicroelectronics.X-CUBE-TOF1.3.3.1
2024-02-29 17:29:40,912 [INFO] DbBoardsSqlite:226 - include board P-NUCLEO-WB55-NUCLEO as a kit item of type 'Nucleo-64'
2024-02-29 17:29:40,913 [INFO] DbBoardsSqlite:226 - include board P-NUCLEO-WB55-USBDONGLE as a kit item of type 'Nucleo USB Dongle'
2024-02-29 17:29:40,913 [INFO] DbBoardsSqlite:226 - include board STEVAL-IDP005V1 as a kit item of type 'Evaluation Board'
2024-02-29 17:29:40,914 [INFO] DbBoardsSqlite:226 - include board STEVAL-IDP005V2 as a kit item of type 'Evaluation Board'
2024-02-29 17:29:40,951 [WARN] PackLoader:240 - Cannot read IP mode file for STMicroelectronics.X-CUBE-AZRTOS-G4.2.0.0
2024-02-29 17:29:40,975 [WARN] PackLoader:240 - Cannot read IP mode file for STMicroelectronics.X-CUBE-TOF1.3.3.0
2024-02-29 17:29:40,998 [INFO] ApiDb:240 - Found 297 in-development CPN: [B-G473E-ZEST1S, B-WB1M-WPAN1, B-WL5M-SUBG1, NUCLEO-C031C6, NUCLEO-H503RB, NUCLEO-H563ZI, NUCLEO-U545RE-Q, NUCLEO-U5A5ZJ-Q, NUCLEO-WBA52CG, STEVAL-PROTEUS1, STEVAL-STWINBX1, STM320518-EVAL, STM32C0116-DK, STM32C011D6Y3TR, STM32C011D6Y6TR, STM32C011F4P3, STM32C011F4P6, STM32C011F4U3, STM32C011F4U6TR, STM32C011F6P3, STM32C011F6P6, STM32C011F6U3, STM32C011F6U6TR, STM32C011J4M3, STM32C011J4M6, STM32C011J6M3, STM32C011J6M6, STM32C0316-DK, STM32C031C4T3, STM32C031C4T6, STM32C031C4U3, STM32C031C4U6, STM32C031C6T3, STM32C031C6T6, STM32C031C6U3, STM32C031C6U6, STM32C031F4P3, STM32C031F4P6, STM32C031F6P3, STM32C031F6P6, STM32C031G4U3, STM32C031G4U6, STM32C031G6U3, STM32C031G6U6, STM32C031K4T3, STM32C031K4T6, STM32C031K4U3, STM32C031K4U6, STM32C031K6T3, STM32C031K6T6, STM32C031K6U3, STM32C031K6U6, STM32G071K8TXN, STM32G071K8UXN, STM32G081GBU6N, STM32G081KBT6N, STM32G081KBUXN, STM32G0B1CCT6N, STM32G0B1KCT6, STM32G0B1NEY6TR, STM32G0B1RCT6N, STM32G0C1CCT6, STM32G0C1CCT6N, STM32G0C1CCU6N, STM32G0C1CET6N, STM32G0C1CEU6N, STM32G0C1KCT6, STM32G0C1NEY6TR, STM32G0C1RCI6N, STM32G0C1RCT6N, STM32G0C1REI6N, STM32G0C1RET6N, STM32G0C1VCI6, STM32G0C1VEI6, STM32G471CCT6, STM32G471CCU6, STM32G471CET3, STM32G471CET6, STM32G471CEU3, STM32G471CEU6, STM32G471MCT6, STM32G471MET3, STM32G471MET6, STM32G471MEY6TR, STM32G471QCT6, STM32G471QET3, STM32G471RCT6, STM32G471RET3, STM32G471RET6, STM32G471VCH6, STM32G471VCI6, STM32G471VCT6, STM32G471VEH3, STM32G471VEH6, STM32G471VEI3, STM32G471VEI6, STM32G471VET3, STM32G471VET6, STM32G474CCT6, STM32H503CBT6, STM32H503CBU6, STM32H503EBY6TR, STM32H503KBU6, STM32H503RBT6, STM32H562AGI6, STM32H562AII6, STM32H562IGK6, STM32H562IGT6, STM32H562IIK6, STM32H562IIT6, STM32H562RGT6, STM32H562RGV6, STM32H562RIT6, STM32H562RIV6, STM32H562VGT6, STM32H562VIT6, STM32H562ZGT6, STM32H562ZIT6, STM32H563AGI6, STM32H563AII3Q, STM32H563AII6, STM32H563IGK6, STM32H563IGT6, STM32H563IIK3Q, STM32H563IIK6, STM32H563IIT3Q, STM32H563IIT6, STM32H563MIY3QTR, STM32H563RGT6, STM32H563RGV6, STM32H563RIT6, STM32H563RIV6, STM32H563VGT6, STM32H563VIT3Q, STM32H563VIT6, STM32H563ZGT6, STM32H563ZIT3Q, STM32H563ZIT6, STM32H573AII3Q, STM32H573AII6, STM32H573I-DK, STM32H573IIK3Q, STM32H573IIK6, STM32H573IIT3Q, STM32H573IIT6, STM32H573MIY3QTR, STM32H573RIT6, STM32H573RIV6, STM32H573VIT3Q, STM32H573VIT6, STM32H573ZIT3Q, STM32H573ZIT6, STM32L4R5QGI6STR, STM32MP131AAE3, STM32MP131AAF3, STM32MP131AAG3, STM32MP131CAE3, STM32MP131CAF3, STM32MP131CAG3, STM32MP131DAE7, STM32MP131DAF7, STM32MP131DAG7, STM32MP131FAE7, STM32MP131FAF7, STM32MP131FAG7, STM32MP133AAE3, STM32MP133AAF3, STM32MP133AAG3, STM32MP133CAE3, STM32MP133CAF3, STM32MP133CAG3, STM32MP133DAE7, STM32MP133DAF7, STM32MP133DAG7, STM32MP133FAE7, STM32MP133FAF7, STM32MP133FAG7, STM32MP135AAE3, STM32MP135AAF3, STM32MP135AAG3, STM32MP135CAE3, STM32MP135CAF3, STM32MP135CAG3, STM32MP135DAE7, STM32MP135DAF7, STM32MP135DAG7, STM32MP135F-DK, STM32MP135FAE7, STM32MP135FAF7, STM32MP135FAF7T, STM32MP135FAF7U, STM32MP135FAG7, STM32U535CBT6, STM32U535CBT6Q, STM32U535CBU6, STM32U535CBU6Q, STM32U535CCT6, STM32U535CCT6Q, STM32U535CCU6, STM32U535CCU6Q, STM32U535CET6, STM32U535CET6Q, STM32U535CEU6, STM32U535CEU6Q, STM32U535JEY6QTR, STM32U535NCY6QTR, STM32U535NEY6QTR, STM32U535RBI6, STM32U535RBI6Q, STM32U535RBT6, STM32U535RBT6Q, STM32U535RCI6, STM32U535RCI6Q, STM32U535RCT6, STM32U535RCT6Q, STM32U535REI6, STM32U535REI6Q, STM32U535RET6, STM32U535RET6Q, STM32U535VCI6, STM32U535VCI6Q, STM32U535VCT6, STM32U535VCT6Q, STM32U535VEI6, STM32U535VEI6Q, STM32U535VET6, STM32U535VET6Q, STM32U545CET6, STM32U545CET6Q, STM32U545CEU6, STM32U545CEU6Q, STM32U545JEY6QTR, STM32U545NEY6QTR, STM32U545REI6, STM32U545REI6Q, STM32U545RET6, STM32U545RET6Q, STM32U545VEI6, STM32U545VEI6Q, STM32U545VET6, STM32U545VET6Q, STM32U595AIH6, STM32U595AIH6Q, STM32U595AJH6, STM32U595AJH6Q, STM32U595QII6, STM32U595QII6Q, STM32U595QJI6, STM32U595QJI6Q, STM32U595RIT6, STM32U595RIT6Q, STM32U595RJT6, STM32U595RJT6Q, STM32U595VIT6, STM32U595VIT6Q, STM32U595VJT6, STM32U595VJT6Q, STM32U595ZIT6, STM32U595ZIT6Q, STM32U595ZIY6QTR, STM32U595ZJT6, STM32U595ZJT6Q, STM32U595ZJY6QTR, STM32U599BJY6QTR, STM32U599NIH6Q, STM32U599NJH6Q, STM32U599VIT6Q, STM32U599VJT6, STM32U599VJT6Q, STM32U599ZIT6Q, STM32U599ZIY6QTR, STM32U599ZJT6Q, STM32U599ZJY6QTR, STM32U5A5AJH6, STM32U5A5AJH6Q, STM32U5A5QJI6, STM32U5A5QJI6Q, STM32U5A5RJT6, STM32U5A5RJT6Q, STM32U5A5VJT6, STM32U5A5VJT6Q, STM32U5A5ZJT6, STM32U5A5ZJT6Q, STM32U5A5ZJY6QTR, STM32U5A9BJY6QTR, STM32U5A9J-DK, STM32U5A9NJH6Q, STM32U5A9VJT6Q, STM32U5A9ZJT6Q, STM32U5A9ZJY6QTR, STM32WB1MMCH6, STM32WBA52CEU6, STM32WBA52CEU6T, STM32WBA52CGU6, STM32WBA52CGU6T, STM32WL5MOCH6, STM32WL5MOCH6TR]
2024-02-29 17:29:41,004 [WARN] PackLoader:240 - Cannot read IP mode file for Infineon.AIROC-Wi-Fi-Bluetooth-STM32.1.5.1
2024-02-29 17:29:41,014 [WARN] PackLoader:240 - Cannot read IP mode file for STMicroelectronics.FP-SNS-MOTENVWB1.1.3.1
2024-02-29 17:29:41,041 [WARN] PackLoader:240 - Cannot read IP mode file for STMicroelectronics.X-CUBE-AZRTOS-L4.1.0.0
2024-02-29 17:29:41,058 [WARN] PackLoader:240 - Cannot read IP mode file for STMicroelectronics.X-CUBE-ISPU.2.0.0
2024-02-29 17:29:41,115 [WARN] PackLoader:240 - Cannot read IP mode file for STMicroelectronics.X-CUBE-MEMS1.10.0.0
2024-02-29 17:29:41,177 [INFO] BoardInfo:880 - No configuration file found for board P-NUCLEO-WB55
2024-02-29 17:29:41,178 [INFO] DbBoards:157 - Kit is not supported: P-NUCLEO-WB55
2024-02-29 17:29:41,182 [INFO] BoardInfo:880 - No configuration file found for board STEVAL-BFA001V1B
2024-02-29 17:29:41,182 [INFO] DbBoards:157 - Kit is not supported: STEVAL-BFA001V1B
2024-02-29 17:29:41,183 [INFO] BoardInfo:880 - No configuration file found for board STEVAL-BFA001V2B
2024-02-29 17:29:41,183 [INFO] DbBoards:157 - Kit is not supported: STEVAL-BFA001V2B
2024-02-29 17:29:41,187 [INFO] BoardInfo:880 - No configuration file found for board STEVAL-MKBOXPRO
2024-02-29 17:29:41,187 [INFO] DbBoards:157 - Board is not supported: STEVAL-MKBOXPRO
2024-02-29 17:29:41,190 [INFO] BoardInfo:880 - No configuration file found for board STEVAL-SMARTAG2
2024-02-29 17:29:41,191 [INFO] DbBoards:157 - Board is not supported: STEVAL-SMARTAG2
2024-02-29 17:29:41,238 [WARN] PackLoader:240 - Cannot read IP mode file for STMicroelectronics.X-CUBE-FREERTOS.1.1.0
2024-02-29 17:29:41,260 [WARN] PackLoader:240 - Cannot read IP mode file for STMicroelectronics.X-CUBE-AZRTOS-WL.1.0.0
2024-02-29 17:29:41,340 [WARN] PackLoader:240 - Cannot read IP mode file for portGmbH.I-Cube-SoM-uGOAL.1.1.0
2024-02-29 17:29:41,432 [INFO] DbBoards:161 - Found 189 boards, 184 are supported
2024-02-29 17:29:41,436 [INFO] ApiDb:423 - Load user favorites file C:\Users\user/.stm32cubeide/favorites.boards.txt: 0 item(s)
2024-02-29 17:29:41,436 [INFO] ApiDb:427 - User favorites Boards=[]
2024-02-29 17:29:41,436 [INFO] DbBoards:190 - Set 0 / 0 favorites Boards
2024-02-29 17:29:41,450 [INFO] ApiDb:668 - CubeFinder database Data Model version=2.1
2024-02-29 17:29:41,450 [INFO] ApiDb:669 - CubeFinder database Configuration version=3.0.39
2024-02-29 17:29:41,450 [INFO] ApiDb:670 - CubeFinder database generation date=2024-02-19 (1708350410)
2024-02-29 17:29:41,450 [INFO] ApiDb:671 - CubeFinder database FW Pack versions=[FP-ATR-ASTRA1_V2.0.0, FP-SNS-FLIGHT1_V5.0.1, FP-SNS-FLIGHT1_V5.0.2, FP-SNS-MOTENV1_V4.3.1, FP-SNS-MOTENV1_V4.3.2, FP-SNS-MOTENVWB1_V1.3.1, FP-SNS-SMARTAG2_V1.2.0, STM32Cube_FW_C0_V1.1.0, STM32Cube_FW_F4_V1.28.0, STM32Cube_FW_F7_V1.17.0, STM32Cube_FW_G0_V1.6.2, STM32Cube_FW_G4_V1.5.2, STM32Cube_FW_H5_V0.5.1, STM32Cube_FW_H5_V1.1.1, STM32Cube_FW_H5_V1.2.0RC2, STM32Cube_FW_H7_V1.11.0, STM32Cube_FW_L0_V1.12.2, STM32Cube_FW_L5_V1.5.0, STM32Cube_FW_U5_V1.3.0RC4, STM32Cube_FW_U5_V1.4.0, STM32Cube_FW_WBA_V1.0.0RC1, STM32Cube_FW_WBA_V1.1.0RC1, STM32Cube_FW_WBA_V1.2.0, STM32Cube_FW_WBA_V1.2.0RC2, STM32Cube_FW_WB_V1.15.0RC1, STM32Cube_FW_WB_V1.16.0, STM32Cube_FW_WB_V1.16.0RC2, STM32Cube_FW_WB_V1.18.0, STM32Cube_FW_WL_V1.3.0, X-CUBE-ALGOBUILD_V1.3.0, X-CUBE-ALS_V1.0.1, X-CUBE-AZRTOS-F4_V1.1.0, X-CUBE-AZRTOS-F7_V1.1.0, X-CUBE-AZRTOS-G0_V1.1.0, X-CUBE-AZRTOS-G4_V2.0.0, X-CUBE-AZRTOS-H7_V3.2.0, X-CUBE-AZRTOS-L4_V1.0.0, X-CUBE-AZRTOS-L4_V2.0.0, X-CUBE-AZRTOS-L5_V1.1.0, X-CUBE-AZRTOS-WB_V2.0.0, X-CUBE-AZRTOS-WL_V2.0.0, X-CUBE-BLE1_V7.0.0, X-CUBE-BLE2_V3.3.0, X-CUBE-BLEMGR_V3.0.0, X-CUBE-EEPRMA1_V4.1.0, X-CUBE-EEPRMA1_V5.1.0, X-CUBE-FREERTOS_V1.1.0, X-CUBE-GNSS1_V6.0.0, X-CUBE-MEMS1_V10.0.0, X-CUBE-MEMS1_V9.1.0, X-CUBE-MEMS1_V9.4.0, X-CUBE-MEMS1_V9.6.0, X-CUBE-NFC4_V3.0.0, X-CUBE-NFC7_V1.0.1, X-CUBE-SFXS2LP1_V4.0.0, X-CUBE-SUBG2_V5.0.0, X-CUBE-TOF1_V3.4.0]
2024-02-29 17:29:41,451 [WARN] PackLoader:240 - Cannot read IP mode file for STMicroelectronics.X-CUBE-ALS.1.0.1
2024-02-29 17:29:41,631 [WARN] PackLoader:240 - Cannot read IP mode file for STMicroelectronics.X-CUBE-AZRTOS-WB.1.1.0
2024-02-29 17:29:41,663 [WARN] PackLoader:240 - Cannot read IP mode file for STMicroelectronics.FP-ATR-ASTRA1.2.0.0
2024-02-29 17:29:41,682 [WARN] PackLoader:240 - Cannot read IP mode file for STMicroelectronics.X-CUBE-TOF1.3.4.0
2024-02-29 17:29:41,717 [WARN] PackLoader:240 - Cannot read IP mode file for STMicroelectronics.X-CUBE-AZRTOS-H7.3.2.0
2024-02-29 17:29:41,720 [INFO] ThirdParty:978 - Integrity check success = true
2024-02-29 17:29:41,720 [INFO] IntegrityCheckThread:100 - exiting critical section [integrity check]
2024-02-29 17:29:41,720 [INFO] IntegrityCheckThread:103 - End integrity checks thread
2024-02-29 17:29:42,356 [ERROR] DbExamplesSqlite:418 - Missing JSON key: board_cpn
2024-02-29 17:29:42,356 [ERROR] DbExamplesSqlite:418 - Missing JSON key: board_cpn
2024-02-29 17:29:42,356 [ERROR] DbExamplesSqlite:418 - Missing JSON key: board_cpn
2024-02-29 17:29:42,356 [ERROR] DbExamplesSqlite:418 - Missing JSON key: board_cpn
2024-02-29 17:29:42,400 [INFO] DbExamplesSqlite:376 - Ignored 55 examples not supported by CubeIDE
2024-02-29 17:29:42,400 [INFO] DbExamplesSqlite:377 - Found 7564 examples active
2024-02-29 17:29:42,400 [INFO] DbExamplesSqlite:378 - Found 844 examples obsolete
2024-02-29 17:29:42,400 [INFO] DbExamplesSqlite:379 - Found 0 examples under development
2024-02-29 17:29:42,401 [INFO] DbExamplesSqlite:380 - Found 8 examples not building
2024-02-29 17:29:42,402 [INFO] DbExamples:125 - Found 7517 examples
2024-02-29 17:29:42,722 [ERROR] DbExamples:208 - Found 269 examples with invalid data (board or MCU)
2024-02-29 17:29:42,722 [INFO] DbExamples:222 - Found 92 boards with related examples
2024-02-29 17:29:42,724 [INFO] DbExamples:235 - Found 78 MCUs with related examples
2024-02-29 17:29:42,787 [INFO] ApiDb:423 - Load user favorites file C:\Users\user/.stm32cubeide/favorites.examples.txt: 0 item(s)
2024-02-29 17:29:42,787 [INFO] ApiDb:427 - User favorites Examples=[]
2024-02-29 17:29:42,787 [INFO] DbExamples:250 - Set 0 / 0 favorites Examples
2024-02-29 17:29:43,899 [INFO] McuFinderGlobals:66 - Set McuFinderConnectedMode to true
2024-02-29 17:29:43,908 [INFO] MultiScanPanel:200 - Auto-refresh data requested => check proxy status ongoing
2024-02-29 17:29:43,911 [INFO] FinderPluginLoader:95 - Searching for filters in installed packs
2024-02-29 17:29:45,422 [INFO] LoadUrlFilesThread:185 - End of LoadServerUrlFiles without Thread
2024-02-29 17:29:45,439 [INFO] DetailPanel:341 - Set advertising image to C:/Users/user/STM32Cube/Repository/\en.prom-stm32wl3-mcu-finder.jpg
2024-02-29 17:44:31,553 [INFO] McuFinderGlobals:66 - Set McuFinderConnectedMode to true
2024-02-29 17:44:31,557 [INFO] ApiDb:448 - Save user favorites file C:\Users\user/.stm32cubeide/favorites.mcus.txt: 0 item(s)
2024-02-29 17:44:31,558 [INFO] ApiDb:452 - User favorites MCUs=[]
