18:01:51 **** Incremental Build of configuration Debug for project 14_Timers_Input_Capture ****
make -j4 all 
arm-none-eabi-gcc "../Src/main.c" -mcpu=cortex-m0plus -std=gnu11 -g3 -DDEBUG -DSTM32 -DSTM32L073RZTx -DSTM32L0 -c -I../Inc -I"D:/Nucleo_Workspace/STM32L0_headers/CMSIS/Device/ST/STM32L0xx/Include" -I"D:/Nucleo_Workspace/STM32L0_headers/CMSIS/Include" -O0 -ffunction-sections -fdata-sections -Wall -fstack-usage -fcyclomatic-complexity -MMD -MP -MF"Src/main.d" -MT"Src/main.o" --specs=nano.specs -mfloat-abi=soft -mthumb -o "Src/main.o"
arm-none-eabi-gcc "../Src/timer.c" -mcpu=cortex-m0plus -std=gnu11 -g3 -DDEBUG -DSTM32 -DSTM32L073RZTx -DSTM32L0 -c -I../Inc -I"D:/Nucleo_Workspace/STM32L0_headers/CMSIS/Device/ST/STM32L0xx/Include" -I"D:/Nucleo_Workspace/STM32L0_headers/CMSIS/Include" -O0 -ffunction-sections -fdata-sections -Wall -fstack-usage -fcyclomatic-complexity -MMD -MP -MF"Src/timer.d" -MT"Src/timer.o" --specs=nano.specs -mfloat-abi=soft -mthumb -o "Src/timer.o"
arm-none-eabi-gcc -o "14_Timers_Input_Capture.elf" @"objects.list"   -mcpu=cortex-m0plus -T"D:\Nucleo_Workspace\14_Timers_Input_Capture\STM32L073RZTX_FLASH.ld" --specs=nosys.specs -Wl,-Map="14_Timers_Input_Capture.map" -Wl,--gc-sections -static --specs=nano.specs -mfloat-abi=soft -mthumb -Wl,--start-group -lc -lm -Wl,--end-group
Finished building target: 14_Timers_Input_Capture.elf
 
arm-none-eabi-size   14_Timers_Input_Capture.elf 
arm-none-eabi-objdump -h -S  14_Timers_Input_Capture.elf  > "14_Timers_Input_Capture.list"
   text	   data	    bss	    dec	    hex	filename
   6476	    108	   1588	   8172	   1fec	14_Timers_Input_Capture.elf
Finished building: default.size.stdout
 
Finished building: 14_Timers_Input_Capture.list
 
18:01:53 **** Incremental Build of configuration Debug for project 14_Timers_Input_Capture ****
make -j4 all 
arm-none-eabi-size   14_Timers_Input_Capture.elf 
   text	   data	    bss	    dec	    hex	filename
   6476	    108	   1588	   8172	   1fec	14_Timers_Input_Capture.elf
Finished building: default.size.stdout
 
18:06:35 **** Incremental Build of configuration Debug for project 14_Timers_Input_Capture ****
make -j4 all 
arm-none-eabi-gcc "../Src/timer.c" -mcpu=cortex-m0plus -std=gnu11 -g3 -DDEBUG -DSTM32 -DSTM32L073RZTx -DSTM32L0 -c -I../Inc -I"D:/Nucleo_Workspace/STM32L0_headers/CMSIS/Device/ST/STM32L0xx/Include" -I"D:/Nucleo_Workspace/STM32L0_headers/CMSIS/Include" -O0 -ffunction-sections -fdata-sections -Wall -fstack-usage -fcyclomatic-complexity -MMD -MP -MF"Src/timer.d" -MT"Src/timer.o" --specs=nano.specs -mfloat-abi=soft -mthumb -o "Src/timer.o"
arm-none-eabi-gcc -o "14_Timers_Input_Capture.elf" @"objects.list"   -mcpu=cortex-m0plus -T"D:\Nucleo_Workspace\14_Timers_Input_Capture\STM32L073RZTX_FLASH.ld" --specs=nosys.specs -Wl,-Map="14_Timers_Input_Capture.map" -Wl,--gc-sections -static --specs=nano.specs -mfloat-abi=soft -mthumb -Wl,--start-group -lc -lm -Wl,--end-group
Finished building target: 14_Timers_Input_Capture.elf
 
arm-none-eabi-size   14_Timers_Input_Capture.elf 
arm-none-eabi-objdump -h -S  14_Timers_Input_Capture.elf  > "14_Timers_Input_Capture.list"
   text	   data	    bss	    dec	    hex	filename
   6476	    108	   1588	   8172	   1fec	14_Timers_Input_Capture.elf
Finished building: default.size.stdout
 
Finished building: 14_Timers_Input_Capture.list
 
18:10:15 **** Incremental Build of configuration Debug for project 14_Timers_Input_Capture ****
make -j4 all 
arm-none-eabi-gcc "../Src/timer.c" -mcpu=cortex-m0plus -std=gnu11 -g3 -DDEBUG -DSTM32 -DSTM32L073RZTx -DSTM32L0 -c -I../Inc -I"D:/Nucleo_Workspace/STM32L0_headers/CMSIS/Device/ST/STM32L0xx/Include" -I"D:/Nucleo_Workspace/STM32L0_headers/CMSIS/Include" -O0 -ffunction-sections -fdata-sections -Wall -fstack-usage -fcyclomatic-complexity -MMD -MP -MF"Src/timer.d" -MT"Src/timer.o" --specs=nano.specs -mfloat-abi=soft -mthumb -o "Src/timer.o"
arm-none-eabi-gcc -o "14_Timers_Input_Capture.elf" @"objects.list"   -mcpu=cortex-m0plus -T"D:\Nucleo_Workspace\14_Timers_Input_Capture\STM32L073RZTX_FLASH.ld" --specs=nosys.specs -Wl,-Map="14_Timers_Input_Capture.map" -Wl,--gc-sections -static --specs=nano.specs -mfloat-abi=soft -mthumb -Wl,--start-group -lc -lm -Wl,--end-group
Finished building target: 14_Timers_Input_Capture.elf
 
arm-none-eabi-size   14_Timers_Input_Capture.elf 
arm-none-eabi-objdump -h -S  14_Timers_Input_Capture.elf  > "14_Timers_Input_Capture.list"
   text	   data	    bss	    dec	    hex	filename
   6496	    108	   1588	   8192	   2000	14_Timers_Input_Capture.elf
Finished building: default.size.stdout
 
Finished building: 14_Timers_Input_Capture.list
 
03:44:41 **** Incremental Build of configuration Debug for project 14_Timers_Input_Capture ****
make -j4 all 
arm-none-eabi-gcc "../Src/timer.c" -mcpu=cortex-m0plus -std=gnu11 -g3 -DDEBUG -DSTM32 -DSTM32L073RZTx -DSTM32L0 -c -I../Inc -I"D:/Nucleo_Workspace/STM32L0_headers/CMSIS/Device/ST/STM32L0xx/Include" -I"D:/Nucleo_Workspace/STM32L0_headers/CMSIS/Include" -O0 -ffunction-sections -fdata-sections -Wall -fstack-usage -fcyclomatic-complexity -MMD -MP -MF"Src/timer.d" -MT"Src/timer.o" --specs=nano.specs -mfloat-abi=soft -mthumb -o "Src/timer.o"
arm-none-eabi-gcc -o "14_Timers_Input_Capture.elf" @"objects.list"   -mcpu=cortex-m0plus -T"D:\Nucleo_Workspace\14_Timers_Input_Capture\STM32L073RZTX_FLASH.ld" --specs=nosys.specs -Wl,-Map="14_Timers_Input_Capture.map" -Wl,--gc-sections -static --specs=nano.specs -mfloat-abi=soft -mthumb -Wl,--start-group -lc -lm -Wl,--end-group
Finished building target: 14_Timers_Input_Capture.elf
 
arm-none-eabi-size   14_Timers_Input_Capture.elf 
arm-none-eabi-objdump -h -S  14_Timers_Input_Capture.elf  > "14_Timers_Input_Capture.list"
   text	   data	    bss	    dec	    hex	filename
   6496	    108	   1588	   8192	   2000	14_Timers_Input_Capture.elf
Finished building: default.size.stdout
 
Finished building: 14_Timers_Input_Capture.list
 
03:47:52 **** Incremental Build of configuration Debug for project 14_Timers_Input_Capture ****
make -j4 all 
arm-none-eabi-gcc "../Src/timer.c" -mcpu=cortex-m0plus -std=gnu11 -g3 -DDEBUG -DSTM32 -DSTM32L073RZTx -DSTM32L0 -c -I../Inc -I"D:/Nucleo_Workspace/STM32L0_headers/CMSIS/Device/ST/STM32L0xx/Include" -I"D:/Nucleo_Workspace/STM32L0_headers/CMSIS/Include" -O0 -ffunction-sections -fdata-sections -Wall -fstack-usage -fcyclomatic-complexity -MMD -MP -MF"Src/timer.d" -MT"Src/timer.o" --specs=nano.specs -mfloat-abi=soft -mthumb -o "Src/timer.o"
arm-none-eabi-gcc -o "14_Timers_Input_Capture.elf" @"objects.list"   -mcpu=cortex-m0plus -T"D:\Nucleo_Workspace\14_Timers_Input_Capture\STM32L073RZTX_FLASH.ld" --specs=nosys.specs -Wl,-Map="14_Timers_Input_Capture.map" -Wl,--gc-sections -static --specs=nano.specs -mfloat-abi=soft -mthumb -Wl,--start-group -lc -lm -Wl,--end-group
Finished building target: 14_Timers_Input_Capture.elf
 
arm-none-eabi-size   14_Timers_Input_Capture.elf 
arm-none-eabi-objdump -h -S  14_Timers_Input_Capture.elf  > "14_Timers_Input_Capture.list"
   text	   data	    bss	    dec	    hex	filename
   6480	    108	   1588	   8176	   1ff0	14_Timers_Input_Capture.elf
Finished building: default.size.stdout
 
Finished building: 14_Timers_Input_Capture.list
 
03:51:50 **** Incremental Build of configuration Debug for project 14_Timers_Input_Capture ****
make -j4 all 
arm-none-eabi-size   14_Timers_Input_Capture.elf 
   text	   data	    bss	    dec	    hex	filename
   6480	    108	   1588	   8176	   1ff0	14_Timers_Input_Capture.elf
Finished building: default.size.stdout
 
03:55:50 **** Incremental Build of configuration Debug for project 14_Timers_Input_Capture ****
make -j4 all 
arm-none-eabi-gcc "../Src/timer.c" -mcpu=cortex-m0plus -std=gnu11 -g3 -DDEBUG -DSTM32 -DSTM32L073RZTx -DSTM32L0 -c -I../Inc -I"D:/Nucleo_Workspace/STM32L0_headers/CMSIS/Device/ST/STM32L0xx/Include" -I"D:/Nucleo_Workspace/STM32L0_headers/CMSIS/Include" -O0 -ffunction-sections -fdata-sections -Wall -fstack-usage -fcyclomatic-complexity -MMD -MP -MF"Src/timer.d" -MT"Src/timer.o" --specs=nano.specs -mfloat-abi=soft -mthumb -o "Src/timer.o"
arm-none-eabi-gcc -o "14_Timers_Input_Capture.elf" @"objects.list"   -mcpu=cortex-m0plus -T"D:\Nucleo_Workspace\14_Timers_Input_Capture\STM32L073RZTX_FLASH.ld" --specs=nosys.specs -Wl,-Map="14_Timers_Input_Capture.map" -Wl,--gc-sections -static --specs=nano.specs -mfloat-abi=soft -mthumb -Wl,--start-group -lc -lm -Wl,--end-group
Finished building target: 14_Timers_Input_Capture.elf
 
arm-none-eabi-size   14_Timers_Input_Capture.elf 
arm-none-eabi-objdump -h -S  14_Timers_Input_Capture.elf  > "14_Timers_Input_Capture.list"
   text	   data	    bss	    dec	    hex	filename
   6472	    108	   1588	   8168	   1fe8	14_Timers_Input_Capture.elf
Finished building: default.size.stdout
 
Finished building: 14_Timers_Input_Capture.list
 
